0001_0017_0014_0035_0035.jpg 1 17 14 35 35
0002_0047_0038_0043_0043.jpg 1 47 38 43 43
0003_0018_0029_0039_0039.jpg 1 18 29 39 39
0004_0012_0023_0044_0044.jpg 1 12 23 44 44
0005_0053_0036_0029_0029.jpg 1 53 36 29 29
0006_0050_0014_0043_0043.jpg 1 50 14 43 43
0007_0015_0020_0024_0024.jpg 1 15 20 24 24
0008_0020_0021_0066_0066.jpg 1 20 21 66 66
0009_0024_0012_0067_0067.jpg 1 24 12 67 67
0010_0042_0035_0050_0050.jpg 1 42 35 50 50
0011_0008_0039_0049_0049.jpg 1 8 39 49 49
0012_0032_0032_0044_0044.jpg 1 32 32 44 44
0013_0027_0034_0031_0031.jpg 1 27 34 31 31
0014_0027_0010_0068_0068.jpg 1 27 10 68 68
0015_0033_0017_0043_0043.jpg 1 33 17 43 43
0016_0038_0037_0052_0052.jpg 1 38 37 52 52
0017_0006_0028_0062_0062.jpg 1 6 28 62 62
0018_0034_0007_0061_0061.jpg 1 34 7 61 61
0019_0009_0025_0040_0040.jpg 1 9 25 40 40
0020_0022_0051_0038_0038.jpg 1 22 51 38 38
0021_0036_0007_0050_0050.jpg 1 36 7 50 50
0022_0009_0055_0037_0037.jpg 1 9 55 37 37
0023_0010_0026_0064_0064.jpg 1 10 26 64 64
0024_0037_0032_0044_0044.jpg 1 37 32 44 44
0025_0027_0010_0036_0036.jpg 1 27 10 36 36
0026_0018_0021_0057_0057.jpg 1 18 21 57 57
0027_0050_0020_0042_0042.jpg 1 50 20 42 42
0028_0013_0027_0037_0037.jpg 1 13 27 37 37
0029_0037_0066_0026_0026.jpg 1 37 66 26 26
0030_0018_0014_0044_0044.jpg 1 18 14 44 44
0031_0040_0012_0033_0033.jpg 1 40 12 33 33
0032_0032_0012_0048_0048.jpg 1 32 12 48 48
0033_0032_0013_0056_0056.jpg 1 32 13 56 56
0034_0018_0004_0066_0066.jpg 1 18 4 66 66
0035_0025_0058_0026_0026.jpg 1 25 58 26 26
0036_0014_0027_0038_0038.jpg 1 14 27 38 38
0037_0015_0030_0063_0063.jpg 1 15 30 63 63
0038_0016_0023_0048_0048.jpg 1 16 23 48 48
0039_0005_0027_0067_0067.jpg 1 5 27 67 67
0040_0025_0027_0062_0062.jpg 1 25 27 62 62
0041_0014_0006_0057_0057.jpg 1 14 6 57 57
0042_0037_0040_0036_0036.jpg 1 37 40 36 36
0043_0028_0007_0057_0057.jpg 1 28 7 57 57
0044_0006_0022_0046_0046.jpg 1 6 22 46 46
0045_0026_0019_0050_0050.jpg 1 26 19 50 50
0046_0035_0010_0028_0028.jpg 1 35 10 28 28
0047_0045_0015_0047_0047.jpg 1 45 15 47 47
0048_0014_0047_0047_0047.jpg 1 14 47 47 47
0049_0055_0009_0029_0029.jpg 1 55 9 29 29
0050_0028_0045_0024_0024.jpg 1 28 45 24 24
0051_0026_0030_0053_0053.jpg 1 26 30 53 53
0052_0011_0016_0058_0058.jpg 1 11 16 58 58
0053_0016_0014_0064_0064.jpg 1 16 14 64 64
0054_0021_0034_0055_0055.jpg 1 21 34 55 55
0055_0048_0030_0044_0044.jpg 1 48 30 44 44
0056_0022_0039_0036_0036.jpg 1 22 39 36 36
0057_0041_0005_0049_0049.jpg 1 41 5 49 49
0058_0032_0020_0034_0034.jpg 1 32 20 34 34
0059_0056_0008_0027_0027.jpg 1 56 8 27 27
0060_0004_0016_0062_0062.jpg 1 4 16 62 62
0061_0009_0021_0040_0040.jpg 1 9 21 40 40
0062_0029_0026_0065_0065.jpg 1 29 26 65 65
0063_0023_0026_0044_0044.jpg 1 23 26 44 44
0064_0022_0008_0055_0055.jpg 1 22 8 55 55
0065_0007_0033_0057_0057.jpg 1 7 33 57 57
0066_0008_0017_0056_0056.jpg 1 8 17 56 56
0067_0018_0036_0057_0057.jpg 1 18 36 57 57
0068_0013_0032_0052_0052.jpg 1 13 32 52 52
0069_0015_0044_0032_0032.jpg 1 15 44 32 32
0070_0033_0009_0052_0052.jpg 1 33 9 52 52
0071_0024_0013_0060_0060.jpg 1 24 13 60 60
0072_0023_0032_0042_0042.jpg 1 23 32 42 42
0073_0051_0029_0029_0029.jpg 1 51 29 29 29
0074_0017_0031_0037_0037.jpg 1 17 31 37 37
0075_0012_0013_0042_0042.jpg 1 12 13 42 42
0076_0005_0044_0045_0045.jpg 1 5 44 45 45
0077_0004_0020_0062_0062.jpg 1 4 20 62 62
0078_0030_0033_0053_0053.jpg 1 30 33 53 53
0079_0053_0056_0033_0033.jpg 1 53 56 33 33
0080_0027_0021_0059_0059.jpg 1 27 21 59 59
0081_0026_0010_0052_0052.jpg 1 26 10 52 52
0082_0023_0048_0024_0024.jpg 1 23 48 24 24
0083_0009_0023_0050_0050.jpg 1 9 23 50 50
0084_0007_0033_0058_0058.jpg 1 7 33 58 58
0085_0022_0022_0064_0064.jpg 1 22 22 64 64
0086_0042_0033_0041_0041.jpg 1 42 33 41 41
0087_0045_0010_0025_0025.jpg 1 45 10 25 25
0088_0006_0029_0062_0062.jpg 1 6 29 62 62
0089_0042_0049_0031_0031.jpg 1 42 49 31 31
0090_0025_0011_0066_0066.jpg 1 25 11 66 66
0091_0032_0060_0031_0031.jpg 1 32 60 31 31
0092_0033_0013_0052_0052.jpg 1 33 13 52 52
0093_0021_0014_0064_0064.jpg 1 21 14 64 64
0094_0005_0018_0069_0069.jpg 1 5 18 69 69
0095_0037_0015_0052_0052.jpg 1 37 15 52 52
0096_0054_0007_0028_0028.jpg 1 54 7 28 28
0097_0017_0022_0069_0069.jpg 1 17 22 69 69
0098_0017_0063_0027_0027.jpg 1 17 63 27 27
0099_0044_0032_0025_0025.jpg 1 44 32 25 25
0100_0041_0059_0034_0034.jpg 1 41 59 34 34
0101_0028_0022_0052_0052.jpg 1 28 22 52 52
0102_0040_0038_0050_0050.jpg 1 40 38 50 50
0103_0026_0019_0053_0053.jpg 1 26 19 53 53
0104_0023_0005_0059_0059.jpg 1 23 5 59 59
0105_0017_0020_0054_0054.jpg 1 17 20 54 54
0106_0013_0017_0064_0064.jpg 1 13 17 64 64
0107_0043_0030_0049_0049.jpg 1 43 30 49 49
0108_0019_0010_0025_0025.jpg 1 19 10 25 25
0109_0007_0006_0064_0064.jpg 1 7 6 64 64
0110_0030_0059_0027_0027.jpg 1 30 59 27 27
0111_0050_0058_0032_0032.jpg 1 50 58 32 32
0112_0059_0053_0027_0027.jpg 1 59 53 27 27
0113_0011_0006_0049_0049.jpg 1 11 6 49 49
0114_0032_0035_0048_0048.jpg 1 32 35 48 48
0115_0037_0022_0058_0058.jpg 1 37 22 58 58
0116_0008_0012_0033_0033.jpg 1 8 12 33 33
0117_0015_0032_0046_0046.jpg 1 15 32 46 46
0118_0033_0007_0058_0058.jpg 1 33 7 58 58
0119_0023_0048_0036_0036.jpg 1 23 48 36 36
0120_0048_0032_0041_0041.jpg 1 48 32 41 41
0121_0019_0023_0041_0041.jpg 1 19 23 41 41
0122_0004_0020_0067_0067.jpg 1 4 20 67 67
0123_0033_0022_0028_0028.jpg 1 33 22 28 28
0124_0010_0035_0055_0055.jpg 1 10 35 55 55
0125_0015_0036_0059_0059.jpg 1 15 36 59 59
0126_0008_0026_0060_0060.jpg 1 8 26 60 60
0127_0019_0028_0041_0041.jpg 1 19 28 41 41
0128_0018_0011_0060_0060.jpg 1 18 11 60 60
0129_0005_0032_0062_0062.jpg 1 5 32 62 62
0130_0043_0042_0049_0049.jpg 1 43 42 49 49
0131_0025_0006_0057_0057.jpg 1 25 6 57 57
0132_0043_0023_0027_0027.jpg 1 43 23 27 27
0133_0019_0020_0052_0052.jpg 1 19 20 52 52
0134_0024_0052_0040_0040.jpg 1 24 52 40 40
0135_0014_0019_0046_0046.jpg 1 14 19 46 46
0136_0028_0034_0052_0052.jpg 1 28 34 52 52
0137_0021_0038_0054_0054.jpg 1 21 38 54 54
0138_0053_0031_0033_0033.jpg 1 53 31 33 33
0139_0038_0029_0044_0044.jpg 1 38 29 44 44
0140_0011_0006_0065_0065.jpg 1 11 6 65 65
0141_0017_0004_0062_0062.jpg 1 17 4 62 62
0142_0016_0038_0056_0056.jpg 1 16 38 56 56
0143_0026_0035_0056_0056.jpg 1 26 35 56 56
0144_0045_0061_0026_0026.jpg 1 45 61 26 26
0145_0039_0010_0052_0052.jpg 1 39 10 52 52
0146_0032_0046_0041_0041.jpg 1 32 46 41 41
0147_0055_0014_0026_0026.jpg 1 55 14 26 26
0148_0011_0010_0065_0065.jpg 1 11 10 65 65
0149_0063_0025_0024_0024.jpg 1 63 25 24 24
0150_0048_0028_0030_0030.jpg 1 48 28 30 30
0151_0026_0007_0053_0053.jpg 1 26 7 53 53
0152_0050_0039_0039_0039.jpg 1 50 39 39 39
0153_0031_0015_0037_0037.jpg 1 31 15 37 37
0154_0025_0051_0028_0028.jpg 1 25 51 28 28
0155_0034_0024_0049_0049.jpg 1 34 24 49 49
0156_0029_0029_0064_0064.jpg 1 29 29 64 64
0157_0050_0024_0039_0039.jpg 1 50 24 39 39
0158_0048_0057_0030_0030.jpg 1 48 57 30 30
0159_0028_0044_0043_0043.jpg 1 28 44 43 43
0160_0018_0013_0055_0055.jpg 1 18 13 55 55
0161_0041_0042_0048_0048.jpg 1 41 42 48 48
0162_0012_0014_0061_0061.jpg 1 12 14 61 61
0163_0033_0032_0061_0061.jpg 1 33 32 61 61
0164_0022_0015_0048_0048.jpg 1 22 15 48 48
0165_0049_0037_0032_0032.jpg 1 49 37 32 32
0166_0020_0019_0059_0059.jpg 1 20 19 59 59
0167_0019_0024_0069_0069.jpg 1 19 24 69 69
0168_0012_0008_0036_0036.jpg 1 12 8 36 36
0169_0024_0016_0035_0035.jpg 1 24 16 35 35
0170_0015_0008_0044_0044.jpg 1 15 8 44 44
0171_0050_0029_0031_0031.jpg 1 50 29 31 31
0172_0007_0022_0059_0059.jpg 1 7 22 59 59
0173_0043_0048_0044_0044.jpg 1 43 48 44 44
0174_0030_0014_0049_0049.jpg 1 30 14 49 49
0175_0028_0009_0057_0057.jpg 1 28 9 57 57
0176_0029_0030_0046_0046.jpg 1 29 30 46 46
0177_0034_0008_0035_0035.jpg 1 34 8 35 35
0178_0037_0036_0031_0031.jpg 1 37 36 31 31
0179_0025_0018_0066_0066.jpg 1 25 18 66 66
0180_0031_0030_0038_0038.jpg 1 31 30 38 38
0181_0047_0048_0032_0032.jpg 1 47 48 32 32
0182_0029_0026_0058_0058.jpg 1 29 26 58 58
0183_0012_0003_0069_0069.jpg 1 12 3 69 69
0184_0032_0005_0042_0042.jpg 1 32 5 42 42
0185_0031_0012_0031_0031.jpg 1 31 12 31 31
0186_0058_0045_0035_0035.jpg 1 58 45 35 35
0187_0010_0033_0062_0062.jpg 1 10 33 62 62
0188_0025_0032_0056_0056.jpg 1 25 32 56 56
0189_0045_0045_0038_0038.jpg 1 45 45 38 38
0190_0012_0018_0042_0042.jpg 1 12 18 42 42
0191_0005_0019_0049_0049.jpg 1 5 19 49 49
0192_0032_0008_0045_0045.jpg 1 32 8 45 45
0193_0017_0036_0038_0038.jpg 1 17 36 38 38
0194_0041_0044_0039_0039.jpg 1 41 44 39 39
0195_0041_0033_0047_0047.jpg 1 41 33 47 47
0196_0057_0045_0035_0035.jpg 1 57 45 35 35
0197_0006_0018_0067_0067.jpg 1 6 18 67 67
0198_0007_0013_0069_0069.jpg 1 7 13 69 69
0199_0032_0036_0056_0056.jpg 1 32 36 56 56
0200_0039_0023_0035_0035.jpg 1 39 23 35 35
0201_0011_0037_0053_0053.jpg 1 11 37 53 53
0202_0032_0017_0058_0058.jpg 1 32 17 58 58
0203_0048_0037_0040_0040.jpg 1 48 37 40 40
0204_0034_0033_0060_0060.jpg 1 34 33 60 60
0205_0016_0029_0042_0042.jpg 1 16 29 42 42
0206_0025_0034_0057_0057.jpg 1 25 34 57 57
0207_0014_0024_0036_0036.jpg 1 14 24 36 36
0208_0027_0013_0051_0051.jpg 1 27 13 51 51
0209_0018_0022_0048_0048.jpg 1 18 22 48 48
0210_0007_0023_0060_0060.jpg 1 7 23 60 60
0211_0051_0037_0026_0026.jpg 1 51 37 26 26
0212_0010_0023_0024_0024.jpg 1 10 23 24 24
0213_0025_0014_0063_0063.jpg 1 25 14 63 63
0214_0028_0020_0067_0067.jpg 1 28 20 67 67
0215_0037_0007_0052_0052.jpg 1 37 7 52 52
0216_0047_0032_0047_0047.jpg 1 47 32 47 47
0217_0018_0037_0046_0046.jpg 1 18 37 46 46
0218_0018_0049_0042_0042.jpg 1 18 49 42 42
0219_0029_0051_0033_0033.jpg 1 29 51 33 33
0220_0016_0012_0069_0069.jpg 1 16 12 69 69
0221_0036_0031_0051_0051.jpg 1 36 31 51 51
0222_0026_0005_0060_0060.jpg 1 26 5 60 60
0223_0021_0023_0030_0030.jpg 1 21 23 30 30
0224_0049_0023_0044_0044.jpg 1 49 23 44 44
0225_0033_0040_0054_0054.jpg 1 33 40 54 54
0226_0004_0008_0064_0064.jpg 1 4 8 64 64
0227_0015_0014_0068_0068.jpg 1 15 14 68 68
0228_0053_0040_0029_0029.jpg 1 53 40 29 29
0229_0006_0004_0065_0065.jpg 1 6 4 65 65
0230_0020_0017_0049_0049.jpg 1 20 17 49 49
0231_0035_0054_0035_0035.jpg 1 35 54 35 35
0232_0013_0043_0048_0048.jpg 1 13 43 48 48
0233_0009_0007_0065_0065.jpg 1 9 7 65 65
0234_0041_0011_0034_0034.jpg 1 41 11 34 34
0235_0006_0014_0057_0057.jpg 1 6 14 57 57
0236_0048_0022_0026_0026.jpg 1 48 22 26 26
0237_0044_0016_0029_0029.jpg 1 44 16 29 29
0238_0003_0009_0067_0067.jpg 1 3 9 67 67
0239_0031_0018_0031_0031.jpg 1 31 18 31 31
0240_0039_0035_0041_0041.jpg 1 39 35 41 41
0241_0034_0054_0027_0027.jpg 1 34 54 27 27
0242_0032_0022_0060_0060.jpg 1 32 22 60 60
0243_0006_0028_0059_0059.jpg 1 6 28 59 59
0244_0030_0031_0062_0062.jpg 1 30 31 62 62
0245_0019_0032_0033_0033.jpg 1 19 32 33 33
0246_0004_0012_0063_0063.jpg 1 4 12 63 63
0247_0005_0040_0053_0053.jpg 1 5 40 53 53
0248_0032_0009_0061_0061.jpg 1 32 9 61 61
0249_0008_0010_0065_0065.jpg 1 8 10 65 65
0250_0050_0051_0029_0029.jpg 1 50 51 29 29
0251_0030_0020_0047_0047.jpg 1 30 20 47 47
0252_0018_0029_0061_0061.jpg 1 18 29 61 61
0253_0021_0015_0065_0065.jpg 1 21 15 65 65
0254_0019_0021_0066_0066.jpg 1 19 21 66 66
0255_0003_0025_0067_0067.jpg 1 3 25 67 67
0256_0052_0052_0036_0036.jpg 1 52 52 36 36
0257_0009_0041_0054_0054.jpg 1 9 41 54 54
0258_0030_0018_0062_0062.jpg 1 30 18 62 62
0259_0024_0050_0043_0043.jpg 1 24 50 43 43
0260_0057_0029_0033_0033.jpg 1 57 29 33 33
0261_0022_0013_0057_0057.jpg 1 22 13 57 57
0262_0037_0009_0029_0029.jpg 1 37 9 29 29
0263_0011_0015_0067_0067.jpg 1 11 15 67 67
0264_0035_0015_0040_0040.jpg 1 35 15 40 40
0265_0026_0032_0047_0047.jpg 1 26 32 47 47
0266_0042_0043_0033_0033.jpg 1 42 43 33 33
0267_0047_0038_0027_0027.jpg 1 47 38 27 27
0268_0021_0036_0043_0043.jpg 1 21 36 43 43
0269_0044_0040_0038_0038.jpg 1 44 40 38 38
0270_0021_0025_0058_0058.jpg 1 21 25 58 58
0271_0023_0011_0063_0063.jpg 1 23 11 63 63
0272_0027_0007_0063_0063.jpg 1 27 7 63 63
0273_0036_0035_0054_0054.jpg 1 36 35 54 54
0274_0034_0050_0024_0024.jpg 1 34 50 24 24
0275_0059_0022_0029_0029.jpg 1 59 22 29 29
0276_0017_0020_0036_0036.jpg 1 17 20 36 36
0277_0013_0019_0069_0069.jpg 1 13 19 69 69
0278_0043_0026_0044_0044.jpg 1 43 26 44 44
0279_0040_0051_0038_0038.jpg 1 40 51 38 38
0280_0041_0020_0046_0046.jpg 1 41 20 46 46
0281_0049_0020_0026_0026.jpg 1 49 20 26 26
0282_0035_0040_0039_0039.jpg 1 35 40 39 39
0283_0058_0030_0024_0024.jpg 1 58 30 24 24
0284_0048_0050_0026_0026.jpg 1 48 50 26 26
0285_0013_0027_0032_0032.jpg 1 13 27 32 32
0286_0016_0031_0044_0044.jpg 1 16 31 44 44
0287_0014_0028_0066_0066.jpg 1 14 28 66 66
0288_0026_0011_0039_0039.jpg 1 26 11 39 39
0289_0046_0047_0038_0038.jpg 1 46 47 38 38
0290_0044_0022_0038_0038.jpg 1 44 22 38 38
0291_0033_0048_0038_0038.jpg 1 33 48 38 38
0292_0028_0042_0045_0045.jpg 1 28 42 45 45
0293_0023_0019_0065_0065.jpg 1 23 19 65 65
0294_0030_0012_0049_0049.jpg 1 30 12 49 49
0295_0038_0035_0052_0052.jpg 1 38 35 52 52
0296_0018_0015_0056_0056.jpg 1 18 15 56 56
0297_0024_0023_0059_0059.jpg 1 24 23 59 59
0298_0012_0011_0049_0049.jpg 1 12 11 49 49
0299_0012_0029_0037_0037.jpg 1 12 29 37 37
0300_0014_0039_0055_0055.jpg 1 14 39 55 55
0301_0023_0026_0044_0044.jpg 1 23 26 44 44
0302_0064_0025_0027_0027.jpg 1 64 25 27 27
0303_0008_0046_0041_0041.jpg 1 8 46 41 41
0304_0008_0011_0050_0050.jpg 1 8 11 50 50
0305_0012_0008_0050_0050.jpg 1 12 8 50 50
0306_0020_0015_0041_0041.jpg 1 20 15 41 41
0307_0008_0027_0063_0063.jpg 1 8 27 63 63
0308_0009_0009_0057_0057.jpg 1 9 9 57 57
0309_0019_0033_0046_0046.jpg 1 19 33 46 46
0310_0035_0037_0026_0026.jpg 1 35 37 26 26
0311_0060_0020_0032_0032.jpg 1 60 20 32 32
0312_0007_0028_0030_0030.jpg 1 7 28 30 30
0313_0030_0031_0057_0057.jpg 1 30 31 57 57
0314_0016_0040_0050_0050.jpg 1 16 40 50 50
0315_0016_0006_0064_0064.jpg 1 16 6 64 64
0316_0008_0032_0062_0062.jpg 1 8 32 62 62
0317_0022_0014_0050_0050.jpg 1 22 14 50 50
0318_0009_0023_0039_0039.jpg 1 9 23 39 39
0319_0038_0022_0050_0050.jpg 1 38 22 50 50
0320_0023_0013_0034_0034.jpg 1 23 13 34 34
0321_0011_0019_0042_0042.jpg 1 11 19 42 42
0322_0005_0011_0062_0062.jpg 1 5 11 62 62
0323_0006_0024_0066_0066.jpg 1 6 24 66 66
0324_0009_0026_0065_0065.jpg 1 9 26 65 65
0325_0021_0034_0039_0039.jpg 1 21 34 39 39
0326_0049_0006_0040_0040.jpg 1 49 6 40 40
0327_0040_0026_0035_0035.jpg 1 40 26 35 35
0328_0025_0031_0063_0063.jpg 1 25 31 63 63
0329_0021_0041_0045_0045.jpg 1 21 41 45 45
0330_0039_0034_0036_0036.jpg 1 39 34 36 36
0331_0014_0011_0055_0055.jpg 1 14 11 55 55
0332_0010_0005_0054_0054.jpg 1 10 5 54 54
0333_0039_0009_0054_0054.jpg 1 39 9 54 54
0334_0019_0026_0062_0062.jpg 1 19 26 62 62
0335_0031_0029_0057_0057.jpg 1 31 29 57 57
0336_0040_0032_0055_0055.jpg 1 40 32 55 55
0337_0017_0026_0062_0062.jpg 1 17 26 62 62
0338_0030_0023_0024_0024.jpg 1 30 23 24 24
0339_0019_0066_0024_0024.jpg 1 19 66 24 24
0340_0016_0009_0027_0027.jpg 1 16 9 27 27
0341_0033_0032_0046_0046.jpg 1 33 32 46 46
0342_0027_0014_0050_0050.jpg 1 27 14 50 50
0343_0046_0030_0047_0047.jpg 1 46 30 47 47
0344_0012_0017_0048_0048.jpg 1 12 17 48 48
0345_0026_0030_0044_0044.jpg 1 26 30 44 44
0346_0047_0044_0044_0044.jpg 1 47 44 44 44
0347_0025_0022_0068_0068.jpg 1 25 22 68 68
0348_0026_0023_0044_0044.jpg 1 26 23 44 44
0349_0035_0026_0042_0042.jpg 1 35 26 42 42
0350_0063_0060_0025_0025.jpg 1 63 60 25 25
0351_0015_0016_0068_0068.jpg 1 15 16 68 68
0352_0011_0057_0029_0029.jpg 1 11 57 29 29
0353_0020_0045_0048_0048.jpg 1 20 45 48 48
0354_0028_0016_0054_0054.jpg 1 28 16 54 54
0355_0023_0027_0025_0025.jpg 1 23 27 25 25
0356_0026_0022_0042_0042.jpg 1 26 22 42 42
0357_0009_0016_0066_0066.jpg 1 9 16 66 66
0358_0018_0013_0059_0059.jpg 1 18 13 59 59
0359_0019_0031_0064_0064.jpg 1 19 31 64 64
0360_0035_0029_0057_0057.jpg 1 35 29 57 57
0361_0032_0010_0044_0044.jpg 1 32 10 44 44
0362_0031_0016_0058_0058.jpg 1 31 16 58 58
0363_0050_0054_0035_0035.jpg 1 50 54 35 35
0364_0026_0059_0029_0029.jpg 1 26 59 29 29
0365_0025_0049_0033_0033.jpg 1 25 49 33 33
0366_0013_0029_0058_0058.jpg 1 13 29 58 58
0367_0012_0021_0058_0058.jpg 1 12 21 58 58
0368_0007_0017_0032_0032.jpg 1 7 17 32 32
0369_0028_0012_0064_0064.jpg 1 28 12 64 64
0370_0017_0020_0031_0031.jpg 1 17 20 31 31
0371_0025_0019_0028_0028.jpg 1 25 19 28 28
0372_0019_0008_0069_0069.jpg 1 19 8 69 69
0373_0040_0008_0037_0037.jpg 1 40 8 37 37
0374_0016_0018_0061_0061.jpg 1 16 18 61 61
0375_0026_0022_0061_0061.jpg 1 26 22 61 61
0376_0013_0051_0042_0042.jpg 1 13 51 42 42
0377_0050_0028_0040_0040.jpg 1 50 28 40 40
0378_0019_0016_0044_0044.jpg 1 19 16 44 44
0379_0054_0036_0037_0037.jpg 1 54 36 37 37
0380_0012_0003_0069_0069.jpg 1 12 3 69 69
0381_0018_0019_0060_0060.jpg 1 18 19 60 60
0382_0012_0038_0041_0041.jpg 1 12 38 41 41
0383_0025_0025_0049_0049.jpg 1 25 25 49 49
0384_0047_0042_0035_0035.jpg 1 47 42 35 35
0385_0044_0034_0041_0041.jpg 1 44 34 41 41
0386_0011_0019_0064_0064.jpg 1 11 19 64 64
0387_0025_0008_0031_0031.jpg 1 25 8 31 31
0388_0024_0046_0040_0040.jpg 1 24 46 40 40
0389_0021_0023_0060_0060.jpg 1 21 23 60 60
0390_0025_0008_0051_0051.jpg 1 25 8 51 51
0391_0044_0009_0038_0038.jpg 1 44 9 38 38
0392_0027_0037_0053_0053.jpg 1 27 37 53 53
0393_0012_0060_0025_0025.jpg 1 12 60 25 25
0394_0026_0021_0059_0059.jpg 1 26 21 59 59
0395_0055_0024_0032_0032.jpg 1 55 24 32 32
0396_0021_0020_0058_0058.jpg 1 21 20 58 58
0397_0037_0033_0036_0036.jpg 1 37 33 36 36
0398_0025_0015_0054_0054.jpg 1 25 15 54 54
0399_0026_0013_0069_0069.jpg 1 26 13 69 69
0400_0007_0007_0054_0054.jpg 1 7 7 54 54
0401_0047_0042_0041_0041.jpg 1 47 42 41 41
0402_0010_0007_0057_0057.jpg 1 10 7 57 57
0403_0034_0035_0031_0031.jpg 1 34 35 31 31
0404_0035_0038_0044_0044.jpg 1 35 38 44 44
0405_0042_0045_0042_0042.jpg 1 42 45 42 42
0406_0007_0013_0060_0060.jpg 1 7 13 60 60
0407_0007_0004_0069_0069.jpg 1 7 4 69 69
0408_0012_0053_0028_0028.jpg 1 12 53 28 28
0409_0029_0034_0024_0024.jpg 1 29 34 24 24
0410_0040_0033_0046_0046.jpg 1 40 33 46 46
0411_0033_0020_0058_0058.jpg 1 33 20 58 58
0412_0022_0020_0051_0051.jpg 1 22 20 51 51
0413_0048_0039_0044_0044.jpg 1 48 39 44 44
0414_0035_0010_0044_0044.jpg 1 35 10 44 44
0415_0022_0026_0038_0038.jpg 1 22 26 38 38
0416_0030_0029_0063_0063.jpg 1 30 29 63 63
0417_0028_0019_0052_0052.jpg 1 28 19 52 52
0418_0006_0008_0060_0060.jpg 1 6 8 60 60
0419_0012_0010_0067_0067.jpg 1 12 10 67 67
0420_0046_0041_0045_0045.jpg 1 46 41 45 45
0421_0008_0010_0067_0067.jpg 1 8 10 67 67
0422_0046_0020_0037_0037.jpg 1 46 20 37 37
0423_0026_0052_0038_0038.jpg 1 26 52 38 38
0424_0016_0020_0048_0048.jpg 1 16 20 48 48
0425_0011_0046_0039_0039.jpg 1 11 46 39 39
0426_0022_0024_0059_0059.jpg 1 22 24 59 59
0427_0043_0044_0028_0028.jpg 1 43 44 28 28
0428_0015_0024_0039_0039.jpg 1 15 24 39 39
0429_0015_0006_0059_0059.jpg 1 15 6 59 59
0430_0026_0028_0052_0052.jpg 1 26 28 52 52
0431_0014_0024_0062_0062.jpg 1 14 24 62 62
0432_0018_0021_0061_0061.jpg 1 18 21 61 61
0433_0012_0026_0068_0068.jpg 1 12 26 68 68
0434_0029_0034_0048_0048.jpg 1 29 34 48 48
0435_0025_0004_0068_0068.jpg 1 25 4 68 68
0436_0023_0049_0042_0042.jpg 1 23 49 42 42
0437_0034_0023_0050_0050.jpg 1 34 23 50 50
0438_0024_0010_0067_0067.jpg 1 24 10 67 67
0439_0031_0010_0046_0046.jpg 1 31 10 46 46
0440_0014_0022_0059_0059.jpg 1 14 22 59 59
0441_0025_0024_0061_0061.jpg 1 25 24 61 61
0442_0063_0026_0027_0027.jpg 1 63 26 27 27
0443_0026_0007_0046_0046.jpg 1 26 7 46 46
0444_0035_0019_0055_0055.jpg 1 35 19 55 55
0445_0007_0018_0025_0025.jpg 1 7 18 25 25
0446_0018_0045_0042_0042.jpg 1 18 45 42 42
0447_0029_0015_0039_0039.jpg 1 29 15 39 39
0448_0025_0034_0060_0060.jpg 1 25 34 60 60
0449_0017_0006_0052_0052.jpg 1 17 6 52 52
0450_0029_0014_0047_0047.jpg 1 29 14 47 47
0451_0045_0015_0047_0047.jpg 1 45 15 47 47
0452_0043_0023_0048_0048.jpg 1 43 23 48 48
0453_0050_0015_0032_0032.jpg 1 50 15 32 32
0454_0010_0044_0041_0041.jpg 1 10 44 41 41
0455_0008_0040_0039_0039.jpg 1 8 40 39 39
0456_0023_0026_0058_0058.jpg 1 23 26 58 58
0457_0012_0013_0043_0043.jpg 1 12 13 43 43
0458_0037_0040_0047_0047.jpg 1 37 40 47 47
0459_0007_0018_0047_0047.jpg 1 7 18 47 47
0460_0044_0019_0045_0045.jpg 1 44 19 45 45
0461_0043_0026_0040_0040.jpg 1 43 26 40 40
0462_0020_0040_0048_0048.jpg 1 20 40 48 48
0463_0012_0038_0054_0054.jpg 1 12 38 54 54
0464_0053_0033_0024_0024.jpg 1 53 33 24 24
0465_0027_0023_0061_0061.jpg 1 27 23 61 61
0466_0049_0061_0027_0027.jpg 1 49 61 27 27
0467_0040_0059_0032_0032.jpg 1 40 59 32 32
0468_0059_0036_0031_0031.jpg 1 59 36 31 31
0469_0037_0022_0054_0054.jpg 1 37 22 54 54
0470_0058_0026_0030_0030.jpg 1 58 26 30 30
0471_0031_0010_0045_0045.jpg 1 31 10 45 45
0472_0007_0047_0026_0026.jpg 1 7 47 26 26
0473_0006_0031_0060_0060.jpg 1 6 31 60 60
0474_0027_0035_0042_0042.jpg 1 27 35 42 42
0475_0016_0016_0063_0063.jpg 1 16 16 63 63
0476_0037_0010_0056_0056.jpg 1 37 10 56 56
0477_0024_0013_0064_0064.jpg 1 24 13 64 64
0478_0030_0035_0044_0044.jpg 1 30 35 44 44
0479_0021_0011_0060_0060.jpg 1 21 11 60 60
0480_0030_0043_0051_0051.jpg 1 30 43 51 51
0481_0017_0040_0055_0055.jpg 1 17 40 55 55
0482_0056_0045_0029_0029.jpg 1 56 45 29 29
0483_0037_0008_0041_0041.jpg 1 37 8 41 41
0484_0010_0026_0066_0066.jpg 1 10 26 66 66
0485_0026_0017_0051_0051.jpg 1 26 17 51 51
0486_0048_0033_0043_0043.jpg 1 48 33 43 43
0487_0021_0058_0028_0028.jpg 1 21 58 28 28
0488_0041_0030_0052_0052.jpg 1 41 30 52 52
0489_0035_0005_0049_0049.jpg 1 35 5 49 49
0490_0028_0003_0062_0062.jpg 1 28 3 62 62
0491_0005_0023_0061_0061.jpg 1 5 23 61 61
0492_0034_0033_0045_0045.jpg 1 34 33 45 45
0493_0058_0061_0030_0030.jpg 1 58 61 30 30
0494_0022_0028_0053_0053.jpg 1 22 28 53 53
0495_0028_0028_0049_0049.jpg 1 28 28 49 49
0496_0037_0031_0047_0047.jpg 1 37 31 47 47
0497_0029_0012_0059_0059.jpg 1 29 12 59 59
0498_0028_0011_0043_0043.jpg 1 28 11 43 43
0499_0043_0053_0031_0031.jpg 1 43 53 31 31
0500_0018_0012_0037_0037.jpg 1 18 12 37 37
0501_0007_0044_0044_0044.jpg 1 7 44 44 44
0502_0036_0010_0044_0044.jpg 1 36 10 44 44
0503_0014_0009_0060_0060.jpg 1 14 9 60 60
0504_0053_0029_0029_0029.jpg 1 53 29 29 29
0505_0019_0041_0030_0030.jpg 1 19 41 30 30
0506_0025_0051_0036_0036.jpg 1 25 51 36 36
0507_0028_0026_0054_0054.jpg 1 28 26 54 54
0508_0026_0026_0065_0065.jpg 1 26 26 65 65
0509_0017_0015_0066_0066.jpg 1 17 15 66 66
0510_0041_0039_0040_0040.jpg 1 41 39 40 40
0511_0031_0011_0037_0037.jpg 1 31 11 37 37
0512_0014_0019_0057_0057.jpg 1 14 19 57 57
0513_0010_0010_0046_0046.jpg 1 10 10 46 46
0514_0039_0027_0047_0047.jpg 1 39 27 47 47
0515_0015_0016_0067_0067.jpg 1 15 16 67 67
0516_0017_0023_0054_0054.jpg 1 17 23 54 54
0517_0011_0033_0056_0056.jpg 1 11 33 56 56
0518_0029_0023_0036_0036.jpg 1 29 23 36 36
0519_0022_0005_0054_0054.jpg 1 22 5 54 54
0520_0038_0036_0031_0031.jpg 1 38 36 31 31
0521_0040_0046_0042_0042.jpg 1 40 46 42 42
0522_0019_0008_0054_0054.jpg 1 19 8 54 54
0523_0027_0027_0034_0034.jpg 1 27 27 34 34
0524_0010_0015_0055_0055.jpg 1 10 15 55 55
0525_0022_0017_0068_0068.jpg 1 22 17 68 68
0526_0050_0017_0035_0035.jpg 1 50 17 35 35
0527_0019_0050_0035_0035.jpg 1 19 50 35 35
0528_0038_0028_0040_0040.jpg 1 38 28 40 40
0529_0020_0026_0028_0028.jpg 1 20 26 28 28
0530_0019_0027_0032_0032.jpg 1 19 27 32 32
0531_0022_0007_0048_0048.jpg 1 22 7 48 48
0532_0038_0035_0057_0057.jpg 1 38 35 57 57
0533_0008_0012_0045_0045.jpg 1 8 12 45 45
0534_0014_0011_0039_0039.jpg 1 14 11 39 39
0535_0040_0010_0026_0026.jpg 1 40 10 26 26
0536_0027_0022_0058_0058.jpg 1 27 22 58 58
0537_0032_0013_0056_0056.jpg 1 32 13 56 56
0538_0025_0019_0069_0069.jpg 1 25 19 69 69
0539_0012_0004_0058_0058.jpg 1 12 4 58 58
0540_0045_0043_0047_0047.jpg 1 45 43 47 47
0541_0011_0026_0034_0034.jpg 1 11 26 34 34
0542_0060_0066_0024_0024.jpg 1 60 66 24 24
0543_0020_0033_0025_0025.jpg 1 20 33 25 25
0544_0042_0048_0030_0030.jpg 1 42 48 30 30
0545_0017_0019_0067_0067.jpg 1 17 19 67 67
0546_0012_0010_0069_0069.jpg 1 12 10 69 69
0547_0029_0037_0055_0055.jpg 1 29 37 55 55
0548_0030_0044_0050_0050.jpg 1 30 44 50 50
0549_0021_0015_0045_0045.jpg 1 21 15 45 45
0550_0036_0025_0045_0045.jpg 1 36 25 45 45
0551_0049_0048_0043_0043.jpg 1 49 48 43 43
0552_0013_0020_0041_0041.jpg 1 13 20 41 41
0553_0028_0012_0068_0068.jpg 1 28 12 68 68
0554_0019_0019_0061_0061.jpg 1 19 19 61 61
0555_0044_0030_0047_0047.jpg 1 44 30 47 47
0556_0043_0048_0035_0035.jpg 1 43 48 35 35
0557_0006_0024_0053_0053.jpg 1 6 24 53 53
0558_0012_0038_0043_0043.jpg 1 12 38 43 43
0559_0016_0016_0067_0067.jpg 1 16 16 67 67
0560_0025_0015_0063_0063.jpg 1 25 15 63 63
0561_0041_0047_0037_0037.jpg 1 41 47 37 37
0562_0027_0014_0043_0043.jpg 1 27 14 43 43
0563_0022_0041_0045_0045.jpg 1 22 41 45 45
0564_0030_0028_0064_0064.jpg 1 30 28 64 64
0565_0023_0007_0063_0063.jpg 1 23 7 63 63
0566_0020_0026_0067_0067.jpg 1 20 26 67 67
0567_0023_0030_0065_0065.jpg 1 23 30 65 65
0568_0022_0019_0040_0040.jpg 1 22 19 40 40
0569_0006_0034_0053_0053.jpg 1 6 34 53 53
0570_0015_0028_0060_0060.jpg 1 15 28 60 60
0571_0028_0006_0058_0058.jpg 1 28 6 58 58
0572_0017_0007_0036_0036.jpg 1 17 7 36 36
0573_0018_0017_0037_0037.jpg 1 18 17 37 37
0574_0008_0031_0028_0028.jpg 1 8 31 28 28
0575_0017_0032_0044_0044.jpg 1 17 32 44 44
0576_0027_0037_0053_0053.jpg 1 27 37 53 53
0577_0010_0044_0030_0030.jpg 1 10 44 30 30
0578_0006_0012_0063_0063.jpg 1 6 12 63 63
0579_0024_0006_0044_0044.jpg 1 24 6 44 44
0580_0035_0058_0029_0029.jpg 1 35 58 29 29
0581_0026_0022_0067_0067.jpg 1 26 22 67 67
0582_0026_0010_0047_0047.jpg 1 26 10 47 47
0583_0054_0035_0038_0038.jpg 1 54 35 38 38
0584_0038_0037_0055_0055.jpg 1 38 37 55 55
0585_0019_0037_0037_0037.jpg 1 19 37 37 37
0586_0032_0035_0057_0057.jpg 1 32 35 57 57
0587_0013_0028_0061_0061.jpg 1 13 28 61 61
0588_0026_0021_0068_0068.jpg 1 26 21 68 68
0589_0025_0024_0060_0060.jpg 1 25 24 60 60
0590_0007_0011_0069_0069.jpg 1 7 11 69 69
0591_0022_0004_0061_0061.jpg 1 22 4 61 61
0592_0054_0008_0029_0029.jpg 1 54 8 29 29
0593_0013_0032_0041_0041.jpg 1 13 32 41 41
0594_0029_0008_0066_0066.jpg 1 29 8 66 66
0595_0039_0008_0031_0031.jpg 1 39 8 31 31
0596_0029_0053_0040_0040.jpg 1 29 53 40 40
0597_0029_0041_0035_0035.jpg 1 29 41 35 35
0598_0010_0006_0066_0066.jpg 1 10 6 66 66
0599_0031_0034_0060_0060.jpg 1 31 34 60 60
0600_0014_0023_0048_0048.jpg 1 14 23 48 48
0601_0039_0016_0025_0025.jpg 1 39 16 25 25
0602_0018_0008_0056_0056.jpg 1 18 8 56 56
0603_0044_0040_0040_0040.jpg 1 44 40 40 40
0604_0019_0060_0033_0033.jpg 1 19 60 33 33
0605_0010_0007_0056_0056.jpg 1 10 7 56 56
0606_0018_0026_0061_0061.jpg 1 18 26 61 61
0607_0055_0017_0037_0037.jpg 1 55 17 37 37
0608_0039_0033_0034_0034.jpg 1 39 33 34 34
0609_0009_0051_0030_0030.jpg 1 9 51 30 30
0610_0046_0042_0033_0033.jpg 1 46 42 33 33
0611_0034_0044_0029_0029.jpg 1 34 44 29 29
0612_0010_0039_0027_0027.jpg 1 10 39 27 27
0613_0031_0024_0036_0036.jpg 1 31 24 36 36
0614_0058_0016_0024_0024.jpg 1 58 16 24 24
0615_0034_0050_0044_0044.jpg 1 34 50 44 44
0616_0010_0025_0059_0059.jpg 1 10 25 59 59
0617_0014_0012_0058_0058.jpg 1 14 12 58 58
0618_0017_0008_0047_0047.jpg 1 17 8 47 47
0619_0026_0016_0040_0040.jpg 1 26 16 40 40
0620_0019_0006_0054_0054.jpg 1 19 6 54 54
0621_0009_0024_0057_0057.jpg 1 9 24 57 57
0622_0008_0020_0069_0069.jpg 1 8 20 69 69
0623_0014_0015_0066_0066.jpg 1 14 15 66 66
0624_0009_0035_0035_0035.jpg 1 9 35 35 35
0625_0036_0033_0049_0049.jpg 1 36 33 49 49
0626_0034_0031_0049_0049.jpg 1 34 31 49 49
0627_0021_0036_0039_0039.jpg 1 21 36 39 39
0628_0021_0005_0067_0067.jpg 1 21 5 67 67
0629_0021_0013_0066_0066.jpg 1 21 13 66 66
0630_0016_0026_0069_0069.jpg 1 16 26 69 69
0631_0031_0020_0050_0050.jpg 1 31 20 50 50
0632_0038_0027_0053_0053.jpg 1 38 27 53 53
0633_0016_0043_0045_0045.jpg 1 16 43 45 45
0634_0049_0038_0032_0032.jpg 1 49 38 32 32
0635_0010_0029_0060_0060.jpg 1 10 29 60 60
0636_0013_0015_0039_0039.jpg 1 13 15 39 39
0637_0005_0029_0059_0059.jpg 1 5 29 59 59
0638_0029_0007_0060_0060.jpg 1 29 7 60 60
0639_0037_0034_0034_0034.jpg 1 37 34 34 34
0640_0022_0023_0045_0045.jpg 1 22 23 45 45
0641_0012_0033_0035_0035.jpg 1 12 33 35 35
0642_0035_0059_0029_0029.jpg 1 35 59 29 29
0643_0015_0013_0064_0064.jpg 1 15 13 64 64
0644_0031_0010_0044_0044.jpg 1 31 10 44 44
0645_0030_0043_0033_0033.jpg 1 30 43 33 33
0646_0013_0043_0047_0047.jpg 1 13 43 47 47
0647_0036_0014_0055_0055.jpg 1 36 14 55 55
0648_0009_0028_0041_0041.jpg 1 9 28 41 41
0649_0039_0015_0045_0045.jpg 1 39 15 45 45
0650_0031_0029_0063_0063.jpg 1 31 29 63 63
0651_0013_0024_0051_0051.jpg 1 13 24 51 51
0652_0025_0006_0060_0060.jpg 1 25 6 60 60
0653_0013_0037_0051_0051.jpg 1 13 37 51 51
0654_0032_0052_0024_0024.jpg 1 32 52 24 24
0655_0034_0026_0036_0036.jpg 1 34 26 36 36
0656_0010_0010_0066_0066.jpg 1 10 10 66 66
0657_0020_0019_0051_0051.jpg 1 20 19 51 51
0658_0031_0030_0061_0061.jpg 1 31 30 61 61
0659_0044_0045_0040_0040.jpg 1 44 45 40 40
0660_0033_0013_0039_0039.jpg 1 33 13 39 39
0661_0027_0004_0065_0065.jpg 1 27 4 65 65
0662_0019_0018_0037_0037.jpg 1 19 18 37 37
0663_0040_0026_0031_0031.jpg 1 40 26 31 31
0664_0007_0011_0067_0067.jpg 1 7 11 67 67
0665_0009_0018_0049_0049.jpg 1 9 18 49 49
0666_0020_0008_0061_0061.jpg 1 20 8 61 61
0667_0054_0020_0038_0038.jpg 1 54 20 38 38
0668_0015_0059_0027_0027.jpg 1 15 59 27 27
0669_0035_0041_0054_0054.jpg 1 35 41 54 54
0670_0047_0051_0024_0024.jpg 1 47 51 24 24
0671_0009_0023_0066_0066.jpg 1 9 23 66 66
0672_0022_0022_0045_0045.jpg 1 22 22 45 45
0673_0014_0021_0043_0043.jpg 1 14 21 43 43
0674_0025_0005_0064_0064.jpg 1 25 5 64 64
0675_0051_0018_0036_0036.jpg 1 51 18 36 36
0676_0020_0028_0032_0032.jpg 1 20 28 32 32
0677_0007_0009_0069_0069.jpg 1 7 9 69 69
0678_0037_0026_0042_0042.jpg 1 37 26 42 42
0679_0049_0037_0043_0043.jpg 1 49 37 43 43
0680_0034_0043_0045_0045.jpg 1 34 43 45 45
0681_0014_0026_0048_0048.jpg 1 14 26 48 48
0682_0009_0043_0046_0046.jpg 1 9 43 46 46
0683_0022_0023_0069_0069.jpg 1 22 23 69 69
0684_0028_0005_0068_0068.jpg 1 28 5 68 68
0685_0016_0018_0041_0041.jpg 1 16 18 41 41
0686_0026_0013_0025_0025.jpg 1 26 13 25 25
0687_0027_0019_0046_0046.jpg 1 27 19 46 46
0688_0034_0030_0044_0044.jpg 1 34 30 44 44
0689_0006_0014_0053_0053.jpg 1 6 14 53 53
0690_0014_0043_0041_0041.jpg 1 14 43 41 41
0691_0011_0023_0042_0042.jpg 1 11 23 42 42
0692_0009_0012_0063_0063.jpg 1 9 12 63 63
0693_0050_0030_0040_0040.jpg 1 50 30 40 40
0694_0034_0038_0043_0043.jpg 1 34 38 43 43
0695_0011_0028_0052_0052.jpg 1 11 28 52 52
0696_0038_0019_0029_0029.jpg 1 38 19 29 29
0697_0017_0016_0050_0050.jpg 1 17 16 50 50
0698_0007_0012_0066_0066.jpg 1 7 12 66 66
0699_0027_0017_0059_0059.jpg 1 27 17 59 59
0700_0031_0013_0056_0056.jpg 1 31 13 56 56
0701_0012_0025_0067_0067.jpg 1 12 25 67 67
0702_0027_0030_0059_0059.jpg 1 27 30 59 59
0703_0017_0011_0060_0060.jpg 1 17 11 60 60
0704_0056_0049_0030_0030.jpg 1 56 49 30 30
0705_0025_0019_0041_0041.jpg 1 25 19 41 41
0706_0047_0055_0035_0035.jpg 1 47 55 35 35
0707_0008_0011_0050_0050.jpg 1 8 11 50 50
0708_0028_0012_0026_0026.jpg 1 28 12 26 26
0709_0016_0054_0034_0034.jpg 1 16 54 34 34
0710_0009_0018_0055_0055.jpg 1 9 18 55 55
0711_0015_0037_0051_0051.jpg 1 15 37 51 51
0712_0037_0021_0048_0048.jpg 1 37 21 48 48
0713_0043_0013_0035_0035.jpg 1 43 13 35 35
0714_0006_0034_0058_0058.jpg 1 6 34 58 58
0715_0013_0036_0057_0057.jpg 1 13 36 57 57
0716_0011_0068_0024_0024.jpg 1 11 68 24 24
0717_0032_0017_0057_0057.jpg 1 32 17 57 57
0718_0007_0034_0062_0062.jpg 1 7 34 62 62
0719_0031_0021_0035_0035.jpg 1 31 21 35 35
0720_0015_0025_0034_0034.jpg 1 15 25 34 34
0721_0018_0008_0053_0053.jpg 1 18 8 53 53
0722_0054_0039_0032_0032.jpg 1 54 39 32 32
0723_0007_0025_0058_0058.jpg 1 7 25 58 58
0724_0010_0015_0059_0059.jpg 1 10 15 59 59
0725_0017_0020_0062_0062.jpg 1 17 20 62 62
0726_0036_0031_0059_0059.jpg 1 36 31 59 59
0727_0032_0020_0061_0061.jpg 1 32 20 61 61
0728_0033_0035_0047_0047.jpg 1 33 35 47 47
0729_0016_0032_0053_0053.jpg 1 16 32 53 53
0730_0018_0043_0031_0031.jpg 1 18 43 31 31
0731_0042_0031_0032_0032.jpg 1 42 31 32 32
0732_0017_0010_0054_0054.jpg 1 17 10 54 54
0733_0022_0012_0031_0031.jpg 1 22 12 31 31
0734_0011_0039_0053_0053.jpg 1 11 39 53 53
0735_0020_0010_0044_0044.jpg 1 20 10 44 44
0736_0032_0031_0059_0059.jpg 1 32 31 59 59
0737_0020_0006_0066_0066.jpg 1 20 6 66 66
0738_0063_0015_0026_0026.jpg 1 63 15 26 26
0739_0009_0019_0065_0065.jpg 1 9 19 65 65
0740_0053_0029_0031_0031.jpg 1 53 29 31 31
0741_0047_0058_0033_0033.jpg 1 47 58 33 33
0742_0035_0052_0033_0033.jpg 1 35 52 33 33
0743_0047_0058_0035_0035.jpg 1 47 58 35 35
0744_0018_0011_0027_0027.jpg 1 18 11 27 27
0745_0027_0021_0058_0058.jpg 1 27 21 58 58
0746_0029_0029_0048_0048.jpg 1 29 29 48 48
0747_0036_0031_0048_0048.jpg 1 36 31 48 48
0748_0012_0046_0025_0025.jpg 1 12 46 25 25
0749_0013_0020_0030_0030.jpg 1 13 20 30 30
0750_0041_0019_0051_0051.jpg 1 41 19 51 51
0751_0036_0032_0030_0030.jpg 1 36 32 30 30
0752_0005_0016_0055_0055.jpg 1 5 16 55 55
0753_0042_0034_0051_0051.jpg 1 42 34 51 51
0754_0008_0030_0062_0062.jpg 1 8 30 62 62
0755_0040_0032_0054_0054.jpg 1 40 32 54 54
0756_0027_0033_0030_0030.jpg 1 27 33 30 30
0757_0050_0029_0029_0029.jpg 1 50 29 29 29
0758_0020_0025_0059_0059.jpg 1 20 25 59 59
0759_0043_0026_0033_0033.jpg 1 43 26 33 33
0760_0034_0021_0055_0055.jpg 1 34 21 55 55
0761_0016_0030_0063_0063.jpg 1 16 30 63 63
0762_0010_0029_0056_0056.jpg 1 10 29 56 56
0763_0046_0012_0042_0042.jpg 1 46 12 42 42
0764_0023_0010_0068_0068.jpg 1 23 10 68 68
0765_0028_0025_0039_0039.jpg 1 28 25 39 39
0766_0047_0041_0042_0042.jpg 1 47 41 42 42
0767_0013_0014_0060_0060.jpg 1 13 14 60 60
0768_0009_0016_0053_0053.jpg 1 9 16 53 53
0769_0045_0024_0033_0033.jpg 1 45 24 33 33
0770_0048_0013_0040_0040.jpg 1 48 13 40 40
0771_0021_0014_0061_0061.jpg 1 21 14 61 61
0772_0060_0037_0033_0033.jpg 1 60 37 33 33
0773_0022_0011_0059_0059.jpg 1 22 11 59 59
0774_0053_0008_0037_0037.jpg 1 53 8 37 37
0775_0015_0011_0036_0036.jpg 1 15 11 36 36
0776_0021_0030_0060_0060.jpg 1 21 30 60 60
0777_0010_0039_0024_0024.jpg 1 10 39 24 24
0778_0026_0042_0029_0029.jpg 1 26 42 29 29
0779_0021_0047_0026_0026.jpg 1 21 47 26 26
0780_0028_0010_0051_0051.jpg 1 28 10 51 51
0781_0008_0025_0036_0036.jpg 1 8 25 36 36
0782_0050_0027_0033_0033.jpg 1 50 27 33 33
0783_0011_0024_0047_0047.jpg 1 11 24 47 47
0784_0016_0051_0031_0031.jpg 1 16 51 31 31
0785_0024_0028_0031_0031.jpg 1 24 28 31 31
0786_0028_0058_0028_0028.jpg 1 28 58 28 28
0787_0020_0050_0034_0034.jpg 1 20 50 34 34
0788_0006_0026_0038_0038.jpg 1 6 26 38 38
0789_0042_0051_0042_0042.jpg 1 42 51 42 42
0790_0008_0008_0050_0050.jpg 1 8 8 50 50
0791_0017_0037_0047_0047.jpg 1 17 37 47 47
0792_0037_0018_0046_0046.jpg 1 37 18 46 46
0793_0016_0026_0046_0046.jpg 1 16 26 46 46
0794_0035_0053_0039_0039.jpg 1 35 53 39 39
0795_0025_0022_0027_0027.jpg 1 25 22 27 27
0796_0010_0005_0065_0065.jpg 1 10 5 65 65
0797_0012_0016_0060_0060.jpg 1 12 16 60 60
0798_0018_0016_0047_0047.jpg 1 18 16 47 47
0799_0023_0032_0050_0050.jpg 1 23 32 50 50
0800_0039_0031_0046_0046.jpg 1 39 31 46 46
0801_0049_0032_0035_0035.jpg 1 49 32 35 35
0802_0018_0009_0064_0064.jpg 1 18 9 64 64
0803_0015_0031_0049_0049.jpg 1 15 31 49 49
0804_0036_0047_0044_0044.jpg 1 36 47 44 44
0805_0017_0033_0048_0048.jpg 1 17 33 48 48
0806_0016_0018_0062_0062.jpg 1 16 18 62 62
0807_0045_0056_0033_0033.jpg 1 45 56 33 33
0808_0008_0034_0043_0043.jpg 1 8 34 43 43
0809_0024_0036_0054_0054.jpg 1 24 36 54 54
0810_0016_0010_0063_0063.jpg 1 16 10 63 63
0811_0020_0026_0053_0053.jpg 1 20 26 53 53
0812_0035_0007_0032_0032.jpg 1 35 7 32 32
0813_0023_0016_0058_0058.jpg 1 23 16 58 58
0814_0008_0004_0062_0062.jpg 1 8 4 62 62
0815_0036_0022_0036_0036.jpg 1 36 22 36 36
0816_0014_0039_0032_0032.jpg 1 14 39 32 32
0817_0048_0028_0032_0032.jpg 1 48 28 32 32
0818_0026_0010_0047_0047.jpg 1 26 10 47 47
0819_0022_0042_0050_0050.jpg 1 22 42 50 50
0820_0006_0047_0040_0040.jpg 1 6 47 40 40
0821_0037_0015_0038_0038.jpg 1 37 15 38 38
0822_0026_0012_0056_0056.jpg 1 26 12 56 56
0823_0021_0040_0050_0050.jpg 1 21 40 50 50
0824_0011_0033_0045_0045.jpg 1 11 33 45 45
0825_0052_0032_0030_0030.jpg 1 52 32 30 30
0826_0038_0045_0043_0043.jpg 1 38 45 43 43
0827_0042_0038_0033_0033.jpg 1 42 38 33 33
0828_0041_0063_0029_0029.jpg 1 41 63 29 29
0829_0050_0024_0041_0041.jpg 1 50 24 41 41
0830_0013_0046_0035_0035.jpg 1 13 46 35 35
0831_0006_0039_0051_0051.jpg 1 6 39 51 51
0832_0028_0042_0027_0027.jpg 1 28 42 27 27
0833_0015_0005_0068_0068.jpg 1 15 5 68 68
0834_0044_0038_0029_0029.jpg 1 44 38 29 29
0835_0016_0008_0067_0067.jpg 1 16 8 67 67
0836_0030_0041_0039_0039.jpg 1 30 41 39 39
0837_0039_0026_0044_0044.jpg 1 39 26 44 44
0838_0015_0016_0067_0067.jpg 1 15 16 67 67
0839_0017_0016_0066_0066.jpg 1 17 16 66 66
0840_0024_0031_0055_0055.jpg 1 24 31 55 55
0841_0041_0040_0045_0045.jpg 1 41 40 45 45
0842_0028_0016_0053_0053.jpg 1 28 16 53 53
0843_0048_0062_0030_0030.jpg 1 48 62 30 30
0844_0028_0007_0031_0031.jpg 1 28 7 31 31
0845_0014_0031_0052_0052.jpg 1 14 31 52 52
0846_0020_0032_0051_0051.jpg 1 20 32 51 51
0847_0053_0040_0032_0032.jpg 1 53 40 32 32
0848_0014_0019_0064_0064.jpg 1 14 19 64 64
0849_0010_0013_0025_0025.jpg 1 10 13 25 25
0850_0030_0019_0041_0041.jpg 1 30 19 41 41
0851_0036_0023_0056_0056.jpg 1 36 23 56 56
0852_0019_0034_0062_0062.jpg 1 19 34 62 62
0853_0013_0021_0065_0065.jpg 1 13 21 65 65
0854_0013_0043_0039_0039.jpg 1 13 43 39 39
0855_0022_0020_0062_0062.jpg 1 22 20 62 62
0856_0066_0023_0024_0024.jpg 1 66 23 24 24
0857_0030_0013_0049_0049.jpg 1 30 13 49 49
0858_0030_0020_0030_0030.jpg 1 30 20 30 30
0859_0007_0037_0047_0047.jpg 1 7 37 47 47
0860_0020_0031_0049_0049.jpg 1 20 31 49 49
0861_0017_0023_0045_0045.jpg 1 17 23 45 45
0862_0027_0017_0050_0050.jpg 1 27 17 50 50
0863_0010_0013_0045_0045.jpg 1 10 13 45 45
0864_0019_0014_0064_0064.jpg 1 19 14 64 64
0865_0016_0010_0064_0064.jpg 1 16 10 64 64
0866_0051_0050_0037_0037.jpg 1 51 50 37 37
0867_0024_0009_0060_0060.jpg 1 24 9 60 60
0868_0028_0018_0036_0036.jpg 1 28 18 36 36
0869_0033_0015_0046_0046.jpg 1 33 15 46 46
0870_0019_0014_0062_0062.jpg 1 19 14 62 62
0871_0045_0033_0034_0034.jpg 1 45 33 34 34
0872_0011_0021_0069_0069.jpg 1 11 21 69 69
0873_0044_0030_0039_0039.jpg 1 44 30 39 39
0874_0022_0060_0033_0033.jpg 1 22 60 33 33
0875_0031_0005_0062_0062.jpg 1 31 5 62 62
0876_0040_0021_0054_0054.jpg 1 40 21 54 54
0877_0039_0005_0056_0056.jpg 1 39 5 56 56
0878_0017_0041_0038_0038.jpg 1 17 41 38 38
0879_0047_0028_0043_0043.jpg 1 47 28 43 43
0880_0019_0038_0031_0031.jpg 1 19 38 31 31
0881_0013_0029_0024_0024.jpg 1 13 29 24 24
0882_0040_0035_0045_0045.jpg 1 40 35 45 45
0883_0046_0025_0043_0043.jpg 1 46 25 43 43
0884_0032_0007_0055_0055.jpg 1 32 7 55 55
0885_0019_0008_0050_0050.jpg 1 19 8 50 50
0886_0026_0009_0062_0062.jpg 1 26 9 62 62
0887_0015_0017_0046_0046.jpg 1 15 17 46 46
0888_0025_0015_0062_0062.jpg 1 25 15 62 62
0889_0037_0030_0048_0048.jpg 1 37 30 48 48
0890_0008_0014_0067_0067.jpg 1 8 14 67 67
0891_0012_0014_0040_0040.jpg 1 12 14 40 40
0892_0046_0019_0028_0028.jpg 1 46 19 28 28
0893_0010_0023_0027_0027.jpg 1 10 23 27 27
0894_0021_0016_0052_0052.jpg 1 21 16 52 52
0895_0044_0046_0030_0030.jpg 1 44 46 30 30
0896_0018_0017_0051_0051.jpg 1 18 17 51 51
0897_0031_0037_0054_0054.jpg 1 31 37 54 54
0898_0053_0022_0028_0028.jpg 1 53 22 28 28
0899_0017_0017_0049_0049.jpg 1 17 17 49 49
0900_0054_0042_0028_0028.jpg 1 54 42 28 28
0901_0020_0030_0028_0028.jpg 1 20 30 28 28
0902_0038_0028_0040_0040.jpg 1 38 28 40 40
0903_0025_0007_0058_0058.jpg 1 25 7 58 58
0904_0007_0017_0042_0042.jpg 1 7 17 42 42
0905_0006_0018_0044_0044.jpg 1 6 18 44 44
0906_0033_0014_0061_0061.jpg 1 33 14 61 61
0907_0055_0015_0037_0037.jpg 1 55 15 37 37
0908_0041_0028_0024_0024.jpg 1 41 28 24 24
0909_0022_0007_0067_0067.jpg 1 22 7 67 67
0910_0048_0044_0046_0046.jpg 1 48 44 46 46
0911_0043_0038_0032_0032.jpg 1 43 38 32 32
0912_0026_0024_0063_0063.jpg 1 26 24 63 63
0913_0020_0003_0067_0067.jpg 1 20 3 67 67
0914_0013_0019_0052_0052.jpg 1 13 19 52 52
0915_0028_0022_0059_0059.jpg 1 28 22 59 59
0916_0022_0031_0041_0041.jpg 1 22 31 41 41
0917_0008_0037_0044_0044.jpg 1 8 37 44 44
0918_0007_0024_0042_0042.jpg 1 7 24 42 42
0919_0009_0055_0026_0026.jpg 1 9 55 26 26
0920_0010_0020_0048_0048.jpg 1 10 20 48 48
0921_0040_0030_0048_0048.jpg 1 40 30 48 48
0922_0042_0017_0024_0024.jpg 1 42 17 24 24
0923_0024_0014_0051_0051.jpg 1 24 14 51 51
0924_0026_0019_0067_0067.jpg 1 26 19 67 67
0925_0035_0016_0029_0029.jpg 1 35 16 29 29
0926_0016_0011_0033_0033.jpg 1 16 11 33 33
0927_0048_0049_0027_0027.jpg 1 48 49 27 27
0928_0037_0025_0056_0056.jpg 1 37 25 56 56
0929_0005_0012_0065_0065.jpg 1 5 12 65 65
0930_0022_0017_0039_0039.jpg 1 22 17 39 39
0931_0011_0019_0055_0055.jpg 1 11 19 55 55
0932_0043_0038_0034_0034.jpg 1 43 38 34 34
0933_0018_0022_0052_0052.jpg 1 18 22 52 52
0934_0008_0026_0052_0052.jpg 1 8 26 52 52
0935_0016_0005_0062_0062.jpg 1 16 5 62 62
0936_0035_0033_0035_0035.jpg 1 35 33 35 35
0937_0011_0012_0063_0063.jpg 1 11 12 63 63
0938_0024_0007_0054_0054.jpg 1 24 7 54 54
0939_0019_0008_0055_0055.jpg 1 19 8 55 55
0940_0007_0062_0030_0030.jpg 1 7 62 30 30
0941_0021_0031_0052_0052.jpg 1 21 31 52 52
0942_0034_0020_0042_0042.jpg 1 34 20 42 42
0943_0023_0017_0063_0063.jpg 1 23 17 63 63
0944_0043_0006_0041_0041.jpg 1 43 6 41 41
0945_0005_0011_0061_0061.jpg 1 5 11 61 61
0946_0031_0041_0050_0050.jpg 1 31 41 50 50
0947_0026_0017_0061_0061.jpg 1 26 17 61 61
0948_0031_0017_0029_0029.jpg 1 31 17 29 29
0949_0031_0009_0056_0056.jpg 1 31 9 56 56
0950_0008_0060_0026_0026.jpg 1 8 60 26 26
0951_0028_0015_0062_0062.jpg 1 28 15 62 62
0952_0041_0034_0033_0033.jpg 1 41 34 33 33
0953_0010_0015_0061_0061.jpg 1 10 15 61 61
0954_0010_0053_0038_0038.jpg 1 10 53 38 38
0955_0012_0017_0056_0056.jpg 1 12 17 56 56
0956_0005_0032_0052_0052.jpg 1 5 32 52 52
0957_0037_0017_0034_0034.jpg 1 37 17 34 34
0958_0032_0035_0043_0043.jpg 1 32 35 43 43
0959_0028_0025_0063_0063.jpg 1 28 25 63 63
0960_0030_0021_0066_0066.jpg 1 30 21 66 66
0961_0015_0008_0069_0069.jpg 1 15 8 69 69
0962_0023_0026_0027_0027.jpg 1 23 26 27 27
0963_0056_0023_0033_0033.jpg 1 56 23 33 33
0964_0032_0029_0052_0052.jpg 1 32 29 52 52
0965_0034_0015_0046_0046.jpg 1 34 15 46 46
0966_0030_0030_0058_0058.jpg 1 30 30 58 58
0967_0018_0013_0024_0024.jpg 1 18 13 24 24
0968_0015_0025_0047_0047.jpg 1 15 25 47 47
0969_0041_0043_0025_0025.jpg 1 41 43 25 25
0970_0021_0006_0063_0063.jpg 1 21 6 63 63
0971_0025_0004_0060_0060.jpg 1 25 4 60 60
0972_0027_0010_0054_0054.jpg 1 27 10 54 54
0973_0053_0023_0033_0033.jpg 1 53 23 33 33
0974_0057_0013_0035_0035.jpg 1 57 13 35 35
0975_0032_0046_0039_0039.jpg 1 32 46 39 39
0976_0020_0004_0066_0066.jpg 1 20 4 66 66
0977_0006_0029_0059_0059.jpg 1 6 29 59 59
0978_0038_0031_0055_0055.jpg 1 38 31 55 55
0979_0026_0045_0037_0037.jpg 1 26 45 37 37
0980_0024_0038_0051_0051.jpg 1 24 38 51 51
0981_0034_0022_0045_0045.jpg 1 34 22 45 45
0982_0024_0007_0040_0040.jpg 1 24 7 40 40
0983_0013_0021_0056_0056.jpg 1 13 21 56 56
0984_0012_0038_0039_0039.jpg 1 12 38 39 39
0985_0026_0012_0052_0052.jpg 1 26 12 52 52
0986_0047_0048_0035_0035.jpg 1 47 48 35 35
0987_0029_0014_0028_0028.jpg 1 29 14 28 28
0988_0036_0011_0037_0037.jpg 1 36 11 37 37
0989_0023_0040_0027_0027.jpg 1 23 40 27 27
0990_0008_0004_0062_0062.jpg 1 8 4 62 62
0991_0028_0031_0038_0038.jpg 1 28 31 38 38
0992_0012_0026_0025_0025.jpg 1 12 26 25 25
0993_0025_0029_0059_0059.jpg 1 25 29 59 59
0994_0009_0025_0047_0047.jpg 1 9 25 47 47
0995_0018_0009_0065_0065.jpg 1 18 9 65 65
0996_0060_0055_0027_0027.jpg 1 60 55 27 27
0997_0006_0009_0038_0038.jpg 1 6 9 38 38
0998_0011_0060_0030_0030.jpg 1 11 60 30 30
0999_0018_0032_0044_0044.jpg 1 18 32 44 44
1000_0058_0034_0030_0030.jpg 1 58 34 30 30
1001_0025_0038_0038_0038.jpg 1 25 38 38 38
1002_0012_0026_0056_0056.jpg 1 12 26 56 56
1003_0009_0018_0058_0058.jpg 1 9 18 58 58
1004_0035_0020_0055_0055.jpg 1 35 20 55 55
1005_0028_0005_0066_0066.jpg 1 28 5 66 66
1006_0054_0058_0033_0033.jpg 1 54 58 33 33
1007_0038_0011_0029_0029.jpg 1 38 11 29 29
1008_0040_0029_0029_0029.jpg 1 40 29 29 29
1009_0011_0041_0026_0026.jpg 1 11 41 26 26
1010_0030_0024_0031_0031.jpg 1 30 24 31 31
1011_0051_0011_0043_0043.jpg 1 51 11 43 43
1012_0012_0058_0025_0025.jpg 1 12 58 25 25
1013_0054_0041_0028_0028.jpg 1 54 41 28 28
1014_0028_0029_0053_0053.jpg 1 28 29 53 53
1015_0024_0016_0051_0051.jpg 1 24 16 51 51
1016_0008_0007_0063_0063.jpg 1 8 7 63 63
1017_0030_0032_0034_0034.jpg 1 30 32 34 34
1018_0013_0015_0069_0069.jpg 1 13 15 69 69
1019_0027_0026_0065_0065.jpg 1 27 26 65 65
1020_0032_0013_0043_0043.jpg 1 32 13 43 43
1021_0007_0032_0041_0041.jpg 1 7 32 41 41
1022_0030_0029_0040_0040.jpg 1 30 29 40 40
1023_0012_0015_0062_0062.jpg 1 12 15 62 62
1024_0014_0027_0030_0030.jpg 1 14 27 30 30
1025_0016_0027_0069_0069.jpg 1 16 27 69 69
1026_0029_0027_0043_0043.jpg 1 29 27 43 43
1027_0008_0019_0064_0064.jpg 1 8 19 64 64
1028_0006_0028_0054_0054.jpg 1 6 28 54 54
1029_0018_0015_0026_0026.jpg 1 18 15 26 26
1030_0029_0009_0058_0058.jpg 1 29 9 58 58
1031_0026_0040_0051_0051.jpg 1 26 40 51 51
1032_0052_0008_0031_0031.jpg 1 52 8 31 31
1033_0021_0010_0049_0049.jpg 1 21 10 49 49
1034_0042_0046_0043_0043.jpg 1 42 46 43 43
1035_0066_0067_0024_0024.jpg 1 66 67 24 24
1036_0039_0017_0055_0055.jpg 1 39 17 55 55
1037_0011_0009_0040_0040.jpg 1 11 9 40 40
1038_0019_0020_0043_0043.jpg 1 19 20 43 43
1039_0025_0028_0057_0057.jpg 1 25 28 57 57
1040_0027_0056_0031_0031.jpg 1 27 56 31 31
1041_0024_0027_0033_0033.jpg 1 24 27 33 33
1042_0050_0042_0034_0034.jpg 1 50 42 34 34
1043_0012_0026_0037_0037.jpg 1 12 26 37 37
1044_0012_0035_0024_0024.jpg 1 12 35 24 24
1045_0015_0022_0063_0063.jpg 1 15 22 63 63
1046_0061_0055_0027_0027.jpg 1 61 55 27 27
1047_0018_0007_0063_0063.jpg 1 18 7 63 63
1048_0045_0033_0026_0026.jpg 1 45 33 26 26
1049_0030_0012_0059_0059.jpg 1 30 12 59 59
1050_0043_0029_0034_0034.jpg 1 43 29 34 34
1051_0023_0011_0039_0039.jpg 1 23 11 39 39
1052_0028_0022_0065_0065.jpg 1 28 22 65 65
1053_0028_0010_0065_0065.jpg 1 28 10 65 65
1054_0032_0026_0051_0051.jpg 1 32 26 51 51
1055_0034_0042_0032_0032.jpg 1 34 42 32 32
1056_0006_0015_0051_0051.jpg 1 6 15 51 51
1057_0023_0027_0033_0033.jpg 1 23 27 33 33
1058_0020_0022_0068_0068.jpg 1 20 22 68 68
1059_0013_0041_0051_0051.jpg 1 13 41 51 51
1060_0016_0017_0058_0058.jpg 1 16 17 58 58
1061_0026_0028_0034_0034.jpg 1 26 28 34 34
1062_0049_0050_0041_0041.jpg 1 49 50 41 41
1063_0035_0023_0034_0034.jpg 1 35 23 34 34
1064_0013_0014_0038_0038.jpg 1 13 14 38 38
1065_0034_0037_0024_0024.jpg 1 34 37 24 24
1066_0022_0018_0047_0047.jpg 1 22 18 47 47
1067_0057_0008_0034_0034.jpg 1 57 8 34 34
1068_0011_0041_0032_0032.jpg 1 11 41 32 32
1069_0004_0006_0056_0056.jpg 1 4 6 56 56
1070_0007_0011_0063_0063.jpg 1 7 11 63 63
1071_0004_0021_0056_0056.jpg 1 4 21 56 56
1072_0025_0008_0046_0046.jpg 1 25 8 46 46
1073_0005_0011_0067_0067.jpg 1 5 11 67 67
1074_0024_0026_0045_0045.jpg 1 24 26 45 45
